app/build/outputs/logs/manifest-merger-debug-report.txt
-- Merging decision tree log ---
manifest
ADDED from src\main\AndroidManifest.xml:2:1-127:12
	package
		ADDED from src\main\AndroidManifest.xml:3:5-47
		INJECTED from src\main\AndroidManifest.xml
		INJECTED from src\main\AndroidManifest.xml
	android:versionName
		INJECTED from src\main\AndroidManifest.xml
		INJECTED from src\main\AndroidManifest.xml
	xmlns:android
		ADDED from src\main\AndroidManifest.xml:2:11-69
	android:versionCode
		INJECTED from src\main\AndroidManifest.xml
		INJECTED from src\main\AndroidManifest.xml
uses-permission#android.permission.WRITE_EXTERNAL_STORAGE
ADDED from src\main\AndroidManifest.xml:5:5-81
	android:name
		ADDED from src\main\AndroidManifest.xml:5:22-78
uses-permission#android.permission.INTERNET
ADDED from src\main\AndroidManifest.xml:6:5-67
	android:name
		ADDED from src\main\AndroidManifest.xml:6:22-64
uses-permission#android.permission.BLUETOOTH
ADDED from src\main\AndroidManifest.xml:7:5-68
	android:name
		ADDED from src\main\AndroidManifest.xml:7:22-65
uses-permission#android.permission.BLUETOOTH_ADMIN
ADDED from src\main\AndroidManifest.xml:8:5-74
	android:name
		ADDED from src\main\AndroidManifest.xml:8:22-71
application
ADDED from src\main\AndroidManifest.xml:10:5-125:19
	android:label
		ADDED from src\main\AndroidManifest.xml:12:9-41
	android:icon
		ADDED from src\main\AndroidManifest.xml:11:9-43
	android:theme
		ADDED from src\main\AndroidManifest.xml:13:9-40
activity#com.brother.ptouch.sdk.printdemo.Printing
ADDED from src\main\AndroidManifest.xml:14:9-47:20
	android:label
		ADDED from src\main\AndroidManifest.xml:17:13-45
	android:configChanges
		ADDED from src\main\AndroidManifest.xml:16:13-131
	android:name
		ADDED from src\main\AndroidManifest.xml:15:13-37
intent-filter#android.intent.action.MAIN+android.intent.category.LAUNCHER
ADDED from src\main\AndroidManifest.xml:18:13-22:29
action#android.intent.action.MAIN
ADDED from src\main\AndroidManifest.xml:19:17-69
	android:name
		ADDED from src\main\AndroidManifest.xml:19:25-66
category#android.intent.category.LAUNCHER
ADDED from src\main\AndroidManifest.xml:21:17-77
	android:name
		ADDED from src\main\AndroidManifest.xml:21:27-74
intent-filter#android.intent.action.SEND+android.intent.category.DEFAULT
ADDED from src\main\AndroidManifest.xml:23:13-34:29
action#android.intent.action.SEND
ADDED from src\main\AndroidManifest.xml:24:17-69
	android:name
		ADDED from src\main\AndroidManifest.xml:24:25-66
category#android.intent.category.DEFAULT
ADDED from src\main\AndroidManifest.xml:26:17-76
	android:name
		ADDED from src\main\AndroidManifest.xml:26:27-73
data
ADDED from src\main\AndroidManifest.xml:28:17-55
	android:mimeType
		ADDED from src\main\AndroidManifest.xml:28:23-52
intent-filter#android.intent.action.VIEW+android.intent.category.DEFAULT
ADDED from src\main\AndroidManifest.xml:35:13-46:29
action#android.intent.action.VIEW
ADDED from src\main\AndroidManifest.xml:36:17-69
	android:name
		ADDED from src\main\AndroidManifest.xml:36:25-66
activity#com.brother.ptouch.sdk.printdemo.Activity_PrintImage
ADDED from src\main\AndroidManifest.xml:48:9-57:20
	android:label
		ADDED from src\main\AndroidManifest.xml:51:13-53
	android:configChanges
		ADDED from src\main\AndroidManifest.xml:50:13-131
	android:name
		ADDED from src\main\AndroidManifest.xml:49:13-48
activity#com.brother.ptouch.sdk.printdemo.Activity_PrintPdf
ADDED from src\main\AndroidManifest.xml:58:9-61:54
	android:label
		ADDED from src\main\AndroidManifest.xml:61:13-51
	android:configChanges
		ADDED from src\main\AndroidManifest.xml:60:13-131
	android:name
		ADDED from src\main\AndroidManifest.xml:59:13-46
activity#com.brother.ptouch.sdk.printdemo.Activity_SaveFile
ADDED from src\main\AndroidManifest.xml:62:9-65:54
	android:label
		ADDED from src\main\AndroidManifest.xml:65:13-51
	android:configChanges
		ADDED from src\main\AndroidManifest.xml:64:13-131
	android:name
		ADDED from src\main\AndroidManifest.xml:63:13-46
activity#com.brother.ptouch.sdk.printdemo.Activity_TransferPdz
ADDED from src\main\AndroidManifest.xml:66:9-69:57
	android:label
		ADDED from src\main\AndroidManifest.xml:69:13-54
	android:configChanges
		ADDED from src\main\AndroidManifest.xml:68:13-131
	android:name
		ADDED from src\main\AndroidManifest.xml:67:13-49
activity#com.brother.ptouch.sdk.printdemo.Activity_PrintTemplate
ADDED from src\main\AndroidManifest.xml:70:9-73:59
	android:label
		ADDED from src\main\AndroidManifest.xml:73:13-56
	android:configChanges
		ADDED from src\main\AndroidManifest.xml:72:13-131
	android:name
		ADDED from src\main\AndroidManifest.xml:71:13-51
activity#com.brother.ptouch.sdk.printdemo.Activity_FileList
ADDED from src\main\AndroidManifest.xml:74:9-83:20
	android:label
		ADDED from src\main\AndroidManifest.xml:77:13-56
	android:configChanges
		ADDED from src\main\AndroidManifest.xml:76:13-131
	android:name
		ADDED from src\main\AndroidManifest.xml:75:13-46
activity#com.brother.ptouch.sdk.printdemo.Activity_Settings
ADDED from src\main\AndroidManifest.xml:84:9-87:53
	android:label
		ADDED from src\main\AndroidManifest.xml:87:13-50
	android:configChanges
		ADDED from src\main\AndroidManifest.xml:86:13-131
	android:name
		ADDED from src\main\AndroidManifest.xml:85:13-46
activity#com.brother.ptouch.sdk.printdemo.Activity_NetPrinterList
ADDED from src\main\AndroidManifest.xml:88:9-90:134
	android:configChanges
		ADDED from src\main\AndroidManifest.xml:90:13-131
	android:name
		ADDED from src\main\AndroidManifest.xml:89:13-52
activity#com.brother.ptouch.sdk.printdemo.Activity_BluetoothPrinterList
ADDED from src\main\AndroidManifest.xml:91:9-93:134
	android:configChanges
		ADDED from src\main\AndroidManifest.xml:93:13-131
	android:name
		ADDED from src\main\AndroidManifest.xml:92:13-58
activity#com.brother.ptouch.sdk.printdemo.Activity_MWBluetoothPrinterPreference
ADDED from src\main\AndroidManifest.xml:94:9-97:59
	android:label
		ADDED from src\main\AndroidManifest.xml:97:13-56
	android:configChanges
		ADDED from src\main\AndroidManifest.xml:96:13-131
	android:name
		ADDED from src\main\AndroidManifest.xml:95:13-66
activity#com.brother.ptouch.sdk.printdemo.Activity_RemoveTemplate
ADDED from src\main\AndroidManifest.xml:98:9-101:60
	android:label
		ADDED from src\main\AndroidManifest.xml:101:13-57
	android:configChanges
		ADDED from src\main\AndroidManifest.xml:100:13-131
	android:name
		ADDED from src\main\AndroidManifest.xml:99:13-52
activity#com.brother.ptouch.sdk.printdemo.Activity_ManageTemplate
ADDED from src\main\AndroidManifest.xml:102:9-105:61
	android:label
		ADDED from src\main\AndroidManifest.xml:105:13-58
	android:configChanges
		ADDED from src\main\AndroidManifest.xml:104:13-131
	android:name
		ADDED from src\main\AndroidManifest.xml:103:13-52
activity#com.brother.ptouch.sdk.printdemo.Activity_NetSettings
ADDED from src\main\AndroidManifest.xml:106:9-109:57
	android:label
		ADDED from src\main\AndroidManifest.xml:109:13-54
	android:configChanges
		ADDED from src\main\AndroidManifest.xml:108:13-131
	android:name
		ADDED from src\main\AndroidManifest.xml:107:13-49
activity#com.brother.ptouch.sdk.printdemo.Activity_BluetoothSettings
ADDED from src\main\AndroidManifest.xml:110:9-113:62
	android:label
		ADDED from src\main\AndroidManifest.xml:113:13-59
	android:configChanges
		ADDED from src\main\AndroidManifest.xml:112:13-131
	android:name
		ADDED from src\main\AndroidManifest.xml:111:13-55
activity#com.brother.ptouch.sdk.printdemo.Activity_PrinterSettings
ADDED from src\main\AndroidManifest.xml:114:9-117:60
	android:label
		ADDED from src\main\AndroidManifest.xml:117:13-57
	android:configChanges
		ADDED from src\main\AndroidManifest.xml:116:13-131
	android:name
		ADDED from src\main\AndroidManifest.xml:115:13-53
activity#com.brother.ptouch.sdk.printdemo.Activity_PrinterPreference
ADDED from src\main\AndroidManifest.xml:118:9-121:59
	android:label
		ADDED from src\main\AndroidManifest.xml:121:13-56
	android:configChanges
		ADDED from src\main\AndroidManifest.xml:120:13-131
	android:name
		ADDED from src\main\AndroidManifest.xml:119:13-55
activity#com.brother.ptouch.sdk.printdemo.Activity_BLEPrinterList
ADDED from src\main\AndroidManifest.xml:122:9-124:134
	android:configChanges
		ADDED from src\main\AndroidManifest.xml:124:13-131
	android:name
		ADDED from src\main\AndroidManifest.xml:123:13-52
uses-sdk
INJECTED from src\main\AndroidManifest.xml reason: use-sdk injection requested
MERGED from [:BrotherPrintLibrary:] AndroidManifest.xml:7:5-9:41
	android:targetSdkVersion
		INJECTED from src\main\AndroidManifest.xml
		INJECTED from src\main\AndroidManifest.xml
	android:minSdkVersion
		INJECTED from src\main\AndroidManifest.xml
		INJECTED from src\main\AndroidManifest.xml